[ 2016-07-01T10:39:41+08:00 ] ::1 /mxsh/index.php/Home/Index/addrajax.html?page=1&id=
INFO: [ app_begin ] --START--
INFO: Run Behavior\ReadHtmlCacheBehavior [ RunTime:0.000000s ]
INFO: [ app_begin ] --END-- [ RunTime:0.002000s ]
SQL: SHOW COLUMNS FROM `33hao_vr_goods_address` [ RunTime:0.0060s ]
SQL: SELECT * FROM `33hao_vr_goods_address` WHERE `goods_commonid` = '' LIMIT 0,3   [ RunTime:0.0010s ]
INFO: [ app_end ] --START--
INFO: Run Behavior\ShowPageTraceBehavior [ RunTime:0.001000s ]
INFO: [ app_end ] --END-- [ RunTime:0.001000s ]

[ 2016-07-01T10:39:41+08:00 ] ::1 /mxsh/index.php/Home/Index/displayHistory.html
INFO: [ app_begin ] --START--
INFO: Run Behavior\ReadHtmlCacheBehavior [ RunTime:0.001000s ]
INFO: [ app_begin ] --END-- [ RunTime:0.001000s ]
SQL: SHOW COLUMNS FROM `33hao_vr_goods` [ RunTime:0.0020s ]
ERR: 1064:You have an error in your SQL syntax; check the manual that corresponds to your MySQL server version for the right syntax to use near ')' at line 1
 [ SQL语句 ] : SELECT `goods_id`,`goods_name`,`goods_price`,`goods_promotion_price` FROM `33hao_vr_goods` WHERE `goods_id` IN ('') ORDER BY FIELD(goods_id,) 
ERR: 1064:You have an error in your SQL syntax; check the manual that corresponds to your MySQL server version for the right syntax to use near ')' at line 1
 [ SQL语句 ] : SELECT `goods_id`,`goods_name`,`goods_price`,`goods_promotion_price` FROM `33hao_vr_goods` WHERE `goods_id` IN ('') ORDER BY FIELD(goods_id,) 

[ 2016-07-01T11:09:52+08:00 ] ::1 /mxsh/index.php/Home/Index/displayHistory.html
INFO: [ app_begin ] --START--
INFO: Run Behavior\ReadHtmlCacheBehavior [ RunTime:0.001000s ]
INFO: [ app_begin ] --END-- [ RunTime:0.001000s ]
SQL: SHOW COLUMNS FROM `33hao_vr_goods` [ RunTime:0.0030s ]
ERR: 1064:You have an error in your SQL syntax; check the manual that corresponds to your MySQL server version for the right syntax to use near ')' at line 1
 [ SQL语句 ] : SELECT `goods_id`,`goods_name`,`goods_price`,`goods_promotion_price` FROM `33hao_vr_goods` WHERE `goods_id` IN ('') ORDER BY FIELD(goods_id,) 
ERR: 1064:You have an error in your SQL syntax; check the manual that corresponds to your MySQL server version for the right syntax to use near ')' at line 1
 [ SQL语句 ] : SELECT `goods_id`,`goods_name`,`goods_price`,`goods_promotion_price` FROM `33hao_vr_goods` WHERE `goods_id` IN ('') ORDER BY FIELD(goods_id,) 

[ 2016-07-01T11:09:52+08:00 ] ::1 /mxsh/index.php/Home/Index/addrajax.html?page=1&id=
INFO: [ app_begin ] --START--
INFO: Run Behavior\ReadHtmlCacheBehavior [ RunTime:0.000000s ]
INFO: [ app_begin ] --END-- [ RunTime:0.002000s ]
SQL: SHOW COLUMNS FROM `33hao_vr_goods_address` [ RunTime:0.0010s ]
SQL: SELECT * FROM `33hao_vr_goods_address` WHERE `goods_commonid` = '' LIMIT 0,3   [ RunTime:0.0000s ]
INFO: [ app_end ] --START--
INFO: Run Behavior\ShowPageTraceBehavior [ RunTime:0.001000s ]
INFO: [ app_end ] --END-- [ RunTime:0.001000s ]

[ 2016-07-01T11:09:55+08:00 ] ::1 /mxsh/index.php/Home/Index/addrajax.html?page=1&id=
INFO: [ app_begin ] --START--
INFO: Run Behavior\ReadHtmlCacheBehavior [ RunTime:0.001000s ]
INFO: [ app_begin ] --END-- [ RunTime:0.001000s ]
SQL: SHOW COLUMNS FROM `33hao_vr_goods_address` [ RunTime:0.0010s ]
SQL: SELECT * FROM `33hao_vr_goods_address` WHERE `goods_commonid` = '' LIMIT 0,3   [ RunTime:0.0000s ]
INFO: [ app_end ] --START--
INFO: Run Behavior\ShowPageTraceBehavior [ RunTime:0.000000s ]
INFO: [ app_end ] --END-- [ RunTime:0.000000s ]

[ 2016-07-01T11:09:55+08:00 ] ::1 /mxsh/index.php/Home/Index/displayHistory.html
INFO: [ app_begin ] --START--
INFO: Run Behavior\ReadHtmlCacheBehavior [ RunTime:0.001000s ]
INFO: [ app_begin ] --END-- [ RunTime:0.001000s ]
SQL: SHOW COLUMNS FROM `33hao_vr_goods` [ RunTime:0.0020s ]
ERR: 1064:You have an error in your SQL syntax; check the manual that corresponds to your MySQL server version for the right syntax to use near ')' at line 1
 [ SQL语句 ] : SELECT `goods_id`,`goods_name`,`goods_price`,`goods_promotion_price` FROM `33hao_vr_goods` WHERE `goods_id` IN ('') ORDER BY FIELD(goods_id,) 
ERR: 1064:You have an error in your SQL syntax; check the manual that corresponds to your MySQL server version for the right syntax to use near ')' at line 1
 [ SQL语句 ] : SELECT `goods_id`,`goods_name`,`goods_price`,`goods_promotion_price` FROM `33hao_vr_goods` WHERE `goods_id` IN ('') ORDER BY FIELD(goods_id,) 

[ 2016-07-01T11:09:56+08:00 ] ::1 /mxsh/index.php/Home/Index/addrajax.html?page=1&id=
INFO: [ app_begin ] --START--
INFO: Run Behavior\ReadHtmlCacheBehavior [ RunTime:0.001000s ]
INFO: [ app_begin ] --END-- [ RunTime:0.002000s ]
SQL: SHOW COLUMNS FROM `33hao_vr_goods_address` [ RunTime:0.0020s ]
SQL: SELECT * FROM `33hao_vr_goods_address` WHERE `goods_commonid` = '' LIMIT 0,3   [ RunTime:0.0000s ]
INFO: [ app_end ] --START--
INFO: Run Behavior\ShowPageTraceBehavior [ RunTime:0.001000s ]
INFO: [ app_end ] --END-- [ RunTime:0.001000s ]

[ 2016-07-01T11:09:56+08:00 ] ::1 /mxsh/index.php/Home/Index/displayHistory.html
INFO: [ app_begin ] --START--
INFO: Run Behavior\ReadHtmlCacheBehavior [ RunTime:0.001000s ]
INFO: [ app_begin ] --END-- [ RunTime:0.002000s ]
SQL: SHOW COLUMNS FROM `33hao_vr_goods` [ RunTime:0.0030s ]
ERR: 1064:You have an error in your SQL syntax; check the manual that corresponds to your MySQL server version for the right syntax to use near ')' at line 1
 [ SQL语句 ] : SELECT `goods_id`,`goods_name`,`goods_price`,`goods_promotion_price` FROM `33hao_vr_goods` WHERE `goods_id` IN ('') ORDER BY FIELD(goods_id,) 
ERR: 1064:You have an error in your SQL syntax; check the manual that corresponds to your MySQL server version for the right syntax to use near ')' at line 1
 [ SQL语句 ] : SELECT `goods_id`,`goods_name`,`goods_price`,`goods_promotion_price` FROM `33hao_vr_goods` WHERE `goods_id` IN ('') ORDER BY FIELD(goods_id,) 

[ 2016-07-01T11:10:25+08:00 ] ::1 /mxsh/index.php/Home/Index/displayHistory.html
INFO: [ app_begin ] --START--
INFO: Run Behavior\ReadHtmlCacheBehavior [ RunTime:0.001000s ]
INFO: [ app_begin ] --END-- [ RunTime:0.001000s ]
SQL: SHOW COLUMNS FROM `33hao_vr_goods` [ RunTime:0.0020s ]
ERR: 1064:You have an error in your SQL syntax; check the manual that corresponds to your MySQL server version for the right syntax to use near ')' at line 1
 [ SQL语句 ] : SELECT `goods_id`,`goods_name`,`goods_price`,`goods_promotion_price` FROM `33hao_vr_goods` WHERE `goods_id` IN ('') ORDER BY FIELD(goods_id,) 
ERR: 1064:You have an error in your SQL syntax; check the manual that corresponds to your MySQL server version for the right syntax to use near ')' at line 1
 [ SQL语句 ] : SELECT `goods_id`,`goods_name`,`goods_price`,`goods_promotion_price` FROM `33hao_vr_goods` WHERE `goods_id` IN ('') ORDER BY FIELD(goods_id,) 

[ 2016-07-01T11:10:25+08:00 ] ::1 /mxsh/index.php/Home/Index/addrajax.html?page=1&id=
INFO: [ app_begin ] --START--
INFO: Run Behavior\ReadHtmlCacheBehavior [ RunTime:0.001000s ]
INFO: [ app_begin ] --END-- [ RunTime:0.002000s ]
SQL: SHOW COLUMNS FROM `33hao_vr_goods_address` [ RunTime:0.0020s ]
SQL: SELECT * FROM `33hao_vr_goods_address` WHERE `goods_commonid` = '' LIMIT 0,3   [ RunTime:0.0010s ]
INFO: [ app_end ] --START--
INFO: Run Behavior\ShowPageTraceBehavior [ RunTime:0.001000s ]
INFO: [ app_end ] --END-- [ RunTime:0.001000s ]

[ 2016-07-01T14:48:38+08:00 ] 127.0.0.1 /index.php/Home/Index/displayHistory.html
INFO: [ app_begin ] --START--
INFO: Run Behavior\ReadHtmlCacheBehavior [ RunTime:0.000000s ]
INFO: [ app_begin ] --END-- [ RunTime:0.001000s ]
SQL: SHOW COLUMNS FROM `33hao_vr_goods` [ RunTime:0.0020s ]
ERR: 1064:You have an error in your SQL syntax; check the manual that corresponds to your MySQL server version for the right syntax to use near ')' at line 1
 [ SQL语句 ] : SELECT `goods_id`,`goods_name`,`goods_price`,`goods_promotion_price` FROM `33hao_vr_goods` WHERE `goods_id` IN ('') ORDER BY FIELD(goods_id,) 
ERR: 1064:You have an error in your SQL syntax; check the manual that corresponds to your MySQL server version for the right syntax to use near ')' at line 1
 [ SQL语句 ] : SELECT `goods_id`,`goods_name`,`goods_price`,`goods_promotion_price` FROM `33hao_vr_goods` WHERE `goods_id` IN ('') ORDER BY FIELD(goods_id,) 

[ 2016-07-01T14:48:38+08:00 ] 127.0.0.1 /index.php/Home/Index/addrajax.html?page=1&id=
INFO: [ app_begin ] --START--
INFO: Run Behavior\ReadHtmlCacheBehavior [ RunTime:0.001000s ]
INFO: [ app_begin ] --END-- [ RunTime:0.002000s ]
SQL: SHOW COLUMNS FROM `33hao_vr_goods_address` [ RunTime:0.0010s ]
SQL: SELECT * FROM `33hao_vr_goods_address` WHERE `goods_commonid` = '' LIMIT 0,3   [ RunTime:0.0000s ]
INFO: [ app_end ] --START--
INFO: Run Behavior\ShowPageTraceBehavior [ RunTime:0.001000s ]
INFO: [ app_end ] --END-- [ RunTime:0.001000s ]

[ 2016-07-01T14:48:48+08:00 ] 127.0.0.1 /index.php/Home/Index/addrajax.html?page=1&id=1
INFO: [ app_begin ] --START--
INFO: Run Behavior\ReadHtmlCacheBehavior [ RunTime:0.001000s ]
INFO: [ app_begin ] --END-- [ RunTime:0.001000s ]
SQL: SHOW COLUMNS FROM `33hao_vr_goods_address` [ RunTime:0.0020s ]
SQL: SELECT * FROM `33hao_vr_goods_address` WHERE `goods_commonid` = '1' LIMIT 0,3   [ RunTime:0.0020s ]
INFO: [ app_end ] --START--
INFO: Run Behavior\ShowPageTraceBehavior [ RunTime:0.001000s ]
INFO: [ app_end ] --END-- [ RunTime:0.001000s ]

[ 2016-07-01T14:48:48+08:00 ] 127.0.0.1 /index.php/Home/Index/displayHistory/id/1.html
INFO: [ app_begin ] --START--
INFO: Run Behavior\ReadHtmlCacheBehavior [ RunTime:0.002000s ]
INFO: [ app_begin ] --END-- [ RunTime:0.004000s ]
SQL: SHOW COLUMNS FROM `33hao_vr_goods` [ RunTime:0.0020s ]
ERR: 1064:You have an error in your SQL syntax; check the manual that corresponds to your MySQL server version for the right syntax to use near ')' at line 1
 [ SQL语句 ] : SELECT `goods_id`,`goods_name`,`goods_price`,`goods_promotion_price` FROM `33hao_vr_goods` WHERE `goods_id` IN ('1','') ORDER BY FIELD(goods_id,1,) 
ERR: 1064:You have an error in your SQL syntax; check the manual that corresponds to your MySQL server version for the right syntax to use near ')' at line 1
 [ SQL语句 ] : SELECT `goods_id`,`goods_name`,`goods_price`,`goods_promotion_price` FROM `33hao_vr_goods` WHERE `goods_id` IN ('1','') ORDER BY FIELD(goods_id,1,) 

[ 2016-07-01T17:00:13+08:00 ] 127.0.0.1 /Home/Search/catelog
ERR: 非法操作:catelog

[ 2016-07-01T17:00:35+08:00 ] 127.0.0.1 /Home/Search/catelog
ERR: 非法操作:catelog

