[ 2016-07-03T08:10:26+08:00 ] ::1 /mxsh/Public/index_files/c5558a7d1d2a3c65244baa870552debd78313.jpg@0_12_778_471a-388h_640w_2e_90Q
ERR: 无法加载模块:Public

[ 2016-07-03T08:10:26+08:00 ] ::1 /mxsh/Public/index_files/14e6f2b6fa629004c05badbd1b0c5463104630.jpg
ERR: 无法加载模块:Public

[ 2016-07-03T08:10:26+08:00 ] ::1 /mxsh/Public/index_files/58a991b1a3a65bd0e22f12494d462ab6102916.jpg.webp
ERR: 无法加载模块:Public

[ 2016-07-03T08:10:26+08:00 ] ::1 /mxsh/Public/index_files/554c30b4c362c5f4a38fdf3c58d2ad4b95864.jpg@0_24_800_484a-388h_640w_2e_90Q.webp
ERR: 无法加载模块:Public

[ 2016-07-03T09:42:26+08:00 ] ::1 /mxsh/Public/index_files/14e6f2b6fa629004c05badbd1b0c5463104630.jpg
ERR: 无法加载模块:Public

[ 2016-07-03T09:42:26+08:00 ] ::1 /mxsh/Public/index_files/c5558a7d1d2a3c65244baa870552debd78313.jpg@0_12_778_471a-388h_640w_2e_90Q
ERR: 无法加载模块:Public

[ 2016-07-03T09:42:26+08:00 ] ::1 /mxsh/Public/index_files/58a991b1a3a65bd0e22f12494d462ab6102916.jpg.webp
ERR: 无法加载模块:Public

[ 2016-07-03T09:42:26+08:00 ] ::1 /mxsh/Public/index_files/554c30b4c362c5f4a38fdf3c58d2ad4b95864.jpg@0_24_800_484a-388h_640w_2e_90Q.webp
ERR: 无法加载模块:Public

[ 2016-07-03T09:42:54+08:00 ] ::1 /mxsh/Public/index_files/c5558a7d1d2a3c65244baa870552debd78313.jpg@0_12_778_471a-388h_640w_2e_90Q
ERR: 无法加载模块:Public

[ 2016-07-03T09:42:54+08:00 ] ::1 /mxsh/Public/index_files/14e6f2b6fa629004c05badbd1b0c5463104630.jpg
ERR: 无法加载模块:Public

[ 2016-07-03T09:42:54+08:00 ] ::1 /mxsh/Public/index_files/58a991b1a3a65bd0e22f12494d462ab6102916.jpg.webp
ERR: 无法加载模块:Public

[ 2016-07-03T09:42:54+08:00 ] ::1 /mxsh/Public/index_files/554c30b4c362c5f4a38fdf3c58d2ad4b95864.jpg@0_24_800_484a-388h_640w_2e_90Q.webp
ERR: 无法加载模块:Public

[ 2016-07-03T09:43:05+08:00 ] ::1 /mxsh/Public/index_files/14e6f2b6fa629004c05badbd1b0c5463104630.jpg
ERR: 无法加载模块:Public

[ 2016-07-03T09:43:05+08:00 ] ::1 /mxsh/Public/index_files/c5558a7d1d2a3c65244baa870552debd78313.jpg@0_12_778_471a-388h_640w_2e_90Q
ERR: 无法加载模块:Public

[ 2016-07-03T09:43:05+08:00 ] ::1 /mxsh/Public/index_files/58a991b1a3a65bd0e22f12494d462ab6102916.jpg.webp
ERR: 无法加载模块:Public

[ 2016-07-03T09:43:05+08:00 ] ::1 /mxsh/Public/index_files/554c30b4c362c5f4a38fdf3c58d2ad4b95864.jpg@0_24_800_484a-388h_640w_2e_90Q.webp
ERR: 无法加载模块:Public

