[ 2016-06-29T08:41:51+08:00 ] ::1 /mxsh/Public/index_files/c5558a7d1d2a3c65244baa870552debd78313.jpg@0_12_778_471a-388h_640w_2e_90Q
ERR: 无法加载模块:Public

[ 2016-06-29T08:41:51+08:00 ] ::1 /mxsh/Public/index_files/58a991b1a3a65bd0e22f12494d462ab6102916.jpg.webp
ERR: 无法加载模块:Public

[ 2016-06-29T08:41:51+08:00 ] ::1 /mxsh/Public/index_files/554c30b4c362c5f4a38fdf3c58d2ad4b95864.jpg@0_24_800_484a-388h_640w_2e_90Q.webp
ERR: 无法加载模块:Public

[ 2016-06-29T08:41:51+08:00 ] ::1 /mxsh/Public/index_files/14e6f2b6fa629004c05badbd1b0c5463104630.jpg
ERR: 无法加载模块:Public

[ 2016-06-29T08:43:01+08:00 ] ::1 /mxsh/Public/index_files/554c30b4c362c5f4a38fdf3c58d2ad4b95864.jpg@0_24_800_484a-388h_640w_2e_90Q.webp
ERR: 无法加载模块:Public

[ 2016-06-29T08:43:01+08:00 ] ::1 /mxsh/Public/index_files/c5558a7d1d2a3c65244baa870552debd78313.jpg@0_12_778_471a-388h_640w_2e_90Q
ERR: 无法加载模块:Public

[ 2016-06-29T08:43:01+08:00 ] ::1 /mxsh/Public/index_files/14e6f2b6fa629004c05badbd1b0c5463104630.jpg
ERR: 无法加载模块:Public

[ 2016-06-29T08:43:01+08:00 ] ::1 /mxsh/Public/index_files/58a991b1a3a65bd0e22f12494d462ab6102916.jpg.webp
ERR: 无法加载模块:Public

[ 2016-06-29T08:43:06+08:00 ] ::1 /mxsh/Public/index_files/c5558a7d1d2a3c65244baa870552debd78313.jpg@0_12_778_471a-388h_640w_2e_90Q
ERR: 无法加载模块:Public

[ 2016-06-29T08:43:06+08:00 ] ::1 /mxsh/Public/index_files/14e6f2b6fa629004c05badbd1b0c5463104630.jpg
ERR: 无法加载模块:Public

[ 2016-06-29T08:43:06+08:00 ] ::1 /mxsh/Public/index_files/58a991b1a3a65bd0e22f12494d462ab6102916.jpg.webp
ERR: 无法加载模块:Public

[ 2016-06-29T08:43:06+08:00 ] ::1 /mxsh/Public/index_files/554c30b4c362c5f4a38fdf3c58d2ad4b95864.jpg@0_24_800_484a-388h_640w_2e_90Q.webp
ERR: 无法加载模块:Public

[ 2016-06-29T08:43:07+08:00 ] ::1 /mxsh/Public/index_files/c5558a7d1d2a3c65244baa870552debd78313.jpg@0_12_778_471a-388h_640w_2e_90Q
ERR: 无法加载模块:Public

[ 2016-06-29T08:43:07+08:00 ] ::1 /mxsh/Public/index_files/14e6f2b6fa629004c05badbd1b0c5463104630.jpg
ERR: 无法加载模块:Public

[ 2016-06-29T08:43:07+08:00 ] ::1 /mxsh/Public/index_files/554c30b4c362c5f4a38fdf3c58d2ad4b95864.jpg@0_24_800_484a-388h_640w_2e_90Q.webp
ERR: 无法加载模块:Public

[ 2016-06-29T08:43:07+08:00 ] ::1 /mxsh/Public/index_files/58a991b1a3a65bd0e22f12494d462ab6102916.jpg.webp
ERR: 无法加载模块:Public

[ 2016-06-29T08:43:08+08:00 ] ::1 /mxsh/Public/index_files/c5558a7d1d2a3c65244baa870552debd78313.jpg@0_12_778_471a-388h_640w_2e_90Q
ERR: 无法加载模块:Public

[ 2016-06-29T08:43:08+08:00 ] ::1 /mxsh/Public/index_files/554c30b4c362c5f4a38fdf3c58d2ad4b95864.jpg@0_24_800_484a-388h_640w_2e_90Q.webp
ERR: 无法加载模块:Public

[ 2016-06-29T08:43:08+08:00 ] ::1 /mxsh/Public/index_files/58a991b1a3a65bd0e22f12494d462ab6102916.jpg.webp
ERR: 无法加载模块:Public

[ 2016-06-29T08:43:08+08:00 ] ::1 /mxsh/Public/index_files/14e6f2b6fa629004c05badbd1b0c5463104630.jpg
ERR: 无法加载模块:Public

[ 2016-06-29T08:43:09+08:00 ] ::1 /mxsh/Public/index_files/58a991b1a3a65bd0e22f12494d462ab6102916.jpg.webp
ERR: 无法加载模块:Public

[ 2016-06-29T08:43:09+08:00 ] ::1 /mxsh/Public/index_files/14e6f2b6fa629004c05badbd1b0c5463104630.jpg
ERR: 无法加载模块:Public

[ 2016-06-29T08:43:09+08:00 ] ::1 /mxsh/Public/index_files/554c30b4c362c5f4a38fdf3c58d2ad4b95864.jpg@0_24_800_484a-388h_640w_2e_90Q.webp
ERR: 无法加载模块:Public

[ 2016-06-29T08:43:09+08:00 ] ::1 /mxsh/Public/index_files/c5558a7d1d2a3c65244baa870552debd78313.jpg@0_12_778_471a-388h_640w_2e_90Q
ERR: 无法加载模块:Public

[ 2016-06-29T09:24:09+08:00 ] ::1 /mxsh/Public/index_files/c5558a7d1d2a3c65244baa870552debd78313.jpg@0_12_778_471a-388h_640w_2e_90Q
ERR: 无法加载模块:Public

[ 2016-06-29T09:24:09+08:00 ] ::1 /mxsh/Public/index_files/58a991b1a3a65bd0e22f12494d462ab6102916.jpg.webp
ERR: 无法加载模块:Public

[ 2016-06-29T09:24:09+08:00 ] ::1 /mxsh/Public/index_files/554c30b4c362c5f4a38fdf3c58d2ad4b95864.jpg@0_24_800_484a-388h_640w_2e_90Q.webp
ERR: 无法加载模块:Public

[ 2016-06-29T09:24:10+08:00 ] ::1 /mxsh/Public/index_files/14e6f2b6fa629004c05badbd1b0c5463104630.jpg
ERR: 无法加载模块:Public

[ 2016-06-29T09:51:57+08:00 ] ::1 /mxsh/Public/index_files/14e6f2b6fa629004c05badbd1b0c5463104630.jpg
ERR: 无法加载模块:Public

[ 2016-06-29T09:51:57+08:00 ] ::1 /mxsh/Public/index_files/c5558a7d1d2a3c65244baa870552debd78313.jpg@0_12_778_471a-388h_640w_2e_90Q
ERR: 无法加载模块:Public

[ 2016-06-29T09:51:57+08:00 ] ::1 /mxsh/Public/index_files/58a991b1a3a65bd0e22f12494d462ab6102916.jpg.webp
ERR: 无法加载模块:Public

[ 2016-06-29T09:51:57+08:00 ] ::1 /mxsh/Public/index_files/554c30b4c362c5f4a38fdf3c58d2ad4b95864.jpg@0_24_800_484a-388h_640w_2e_90Q.webp
ERR: 无法加载模块:Public

[ 2016-06-29T09:55:16+08:00 ] ::1 /mxsh/Public/index_files/14e6f2b6fa629004c05badbd1b0c5463104630.jpg
ERR: 无法加载模块:Public

[ 2016-06-29T09:55:16+08:00 ] ::1 /mxsh/Public/index_files/c5558a7d1d2a3c65244baa870552debd78313.jpg@0_12_778_471a-388h_640w_2e_90Q
ERR: 无法加载模块:Public

[ 2016-06-29T09:55:16+08:00 ] ::1 /mxsh/Public/index_files/58a991b1a3a65bd0e22f12494d462ab6102916.jpg.webp
ERR: 无法加载模块:Public

[ 2016-06-29T09:55:16+08:00 ] ::1 /mxsh/Public/index_files/554c30b4c362c5f4a38fdf3c58d2ad4b95864.jpg@0_24_800_484a-388h_640w_2e_90Q.webp
ERR: 无法加载模块:Public

[ 2016-06-29T10:09:02+08:00 ] ::1 /mxsh/Public/index_files/c5558a7d1d2a3c65244baa870552debd78313.jpg@0_12_778_471a-388h_640w_2e_90Q
ERR: 无法加载模块:Public

[ 2016-06-29T10:09:02+08:00 ] ::1 /mxsh/Public/index_files/14e6f2b6fa629004c05badbd1b0c5463104630.jpg
ERR: 无法加载模块:Public

[ 2016-06-29T10:09:02+08:00 ] ::1 /mxsh/Public/index_files/58a991b1a3a65bd0e22f12494d462ab6102916.jpg.webp
ERR: 无法加载模块:Public

[ 2016-06-29T10:09:02+08:00 ] ::1 /mxsh/Public/index_files/554c30b4c362c5f4a38fdf3c58d2ad4b95864.jpg@0_24_800_484a-388h_640w_2e_90Q.webp
ERR: 无法加载模块:Public

[ 2016-06-29T10:09:33+08:00 ] ::1 /mxsh/Public/index_files/c5558a7d1d2a3c65244baa870552debd78313.jpg@0_12_778_471a-388h_640w_2e_90Q
ERR: 无法加载模块:Public

[ 2016-06-29T10:09:33+08:00 ] ::1 /mxsh/Public/index_files/14e6f2b6fa629004c05badbd1b0c5463104630.jpg
ERR: 无法加载模块:Public

[ 2016-06-29T10:09:33+08:00 ] ::1 /mxsh/Public/index_files/58a991b1a3a65bd0e22f12494d462ab6102916.jpg.webp
ERR: 无法加载模块:Public

[ 2016-06-29T10:09:33+08:00 ] ::1 /mxsh/Public/index_files/554c30b4c362c5f4a38fdf3c58d2ad4b95864.jpg@0_24_800_484a-388h_640w_2e_90Q.webp
ERR: 无法加载模块:Public

[ 2016-06-29T10:09:34+08:00 ] ::1 /mxsh/Public/index_files/c5558a7d1d2a3c65244baa870552debd78313.jpg@0_12_778_471a-388h_640w_2e_90Q
ERR: 无法加载模块:Public

[ 2016-06-29T10:09:34+08:00 ] ::1 /mxsh/Public/index_files/58a991b1a3a65bd0e22f12494d462ab6102916.jpg.webp
ERR: 无法加载模块:Public

[ 2016-06-29T10:09:34+08:00 ] ::1 /mxsh/Public/index_files/554c30b4c362c5f4a38fdf3c58d2ad4b95864.jpg@0_24_800_484a-388h_640w_2e_90Q.webp
ERR: 无法加载模块:Public

[ 2016-06-29T10:09:34+08:00 ] ::1 /mxsh/Public/index_files/14e6f2b6fa629004c05badbd1b0c5463104630.jpg
ERR: 无法加载模块:Public

[ 2016-06-29T10:09:35+08:00 ] ::1 /mxsh/Public/index_files/14e6f2b6fa629004c05badbd1b0c5463104630.jpg
ERR: 无法加载模块:Public

[ 2016-06-29T10:09:35+08:00 ] ::1 /mxsh/Public/index_files/c5558a7d1d2a3c65244baa870552debd78313.jpg@0_12_778_471a-388h_640w_2e_90Q
ERR: 无法加载模块:Public

[ 2016-06-29T10:09:35+08:00 ] ::1 /mxsh/Public/index_files/58a991b1a3a65bd0e22f12494d462ab6102916.jpg.webp
ERR: 无法加载模块:Public

[ 2016-06-29T10:09:35+08:00 ] ::1 /mxsh/Public/index_files/554c30b4c362c5f4a38fdf3c58d2ad4b95864.jpg@0_24_800_484a-388h_640w_2e_90Q.webp
ERR: 无法加载模块:Public

[ 2016-06-29T10:09:35+08:00 ] ::1 /mxsh/Public/index_files/58a991b1a3a65bd0e22f12494d462ab6102916.jpg.webp
ERR: 无法加载模块:Public

[ 2016-06-29T10:09:35+08:00 ] ::1 /mxsh/Public/index_files/14e6f2b6fa629004c05badbd1b0c5463104630.jpg
ERR: 无法加载模块:Public

[ 2016-06-29T10:09:35+08:00 ] ::1 /mxsh/Public/index_files/c5558a7d1d2a3c65244baa870552debd78313.jpg@0_12_778_471a-388h_640w_2e_90Q
ERR: 无法加载模块:Public

[ 2016-06-29T10:09:35+08:00 ] ::1 /mxsh/Public/index_files/554c30b4c362c5f4a38fdf3c58d2ad4b95864.jpg@0_24_800_484a-388h_640w_2e_90Q.webp
ERR: 无法加载模块:Public

[ 2016-06-29T10:12:40+08:00 ] ::1 /mxsh/Public/index_files/c5558a7d1d2a3c65244baa870552debd78313.jpg@0_12_778_471a-388h_640w_2e_90Q
ERR: 无法加载模块:Public

[ 2016-06-29T10:12:40+08:00 ] ::1 /mxsh/Public/index_files/14e6f2b6fa629004c05badbd1b0c5463104630.jpg
ERR: 无法加载模块:Public

[ 2016-06-29T10:12:40+08:00 ] ::1 /mxsh/Public/index_files/58a991b1a3a65bd0e22f12494d462ab6102916.jpg.webp
ERR: 无法加载模块:Public

[ 2016-06-29T10:12:40+08:00 ] ::1 /mxsh/Public/index_files/554c30b4c362c5f4a38fdf3c58d2ad4b95864.jpg@0_24_800_484a-388h_640w_2e_90Q.webp
ERR: 无法加载模块:Public

[ 2016-06-29T10:17:18+08:00 ] 127.0.0.1 /mxsh/Public/index_files/14e6f2b6fa629004c05badbd1b0c5463104630.jpg
ERR: 无法加载模块:Public

[ 2016-06-29T10:17:18+08:00 ] 127.0.0.1 /mxsh/Public/index_files/c5558a7d1d2a3c65244baa870552debd78313.jpg@0_12_778_471a-388h_640w_2e_90Q
ERR: 无法加载模块:Public

[ 2016-06-29T10:17:18+08:00 ] 127.0.0.1 /mxsh/Public/index_files/58a991b1a3a65bd0e22f12494d462ab6102916.jpg.webp
ERR: 无法加载模块:Public

[ 2016-06-29T10:17:18+08:00 ] 127.0.0.1 /mxsh/Public/index_files/554c30b4c362c5f4a38fdf3c58d2ad4b95864.jpg@0_24_800_484a-388h_640w_2e_90Q.webp
ERR: 无法加载模块:Public

[ 2016-06-29T10:17:25+08:00 ] 127.0.0.1 /mxsh/Public/index_files/58a991b1a3a65bd0e22f12494d462ab6102916.jpg.webp
ERR: 无法加载模块:Public

[ 2016-06-29T10:17:25+08:00 ] 127.0.0.1 /mxsh/Public/index_files/554c30b4c362c5f4a38fdf3c58d2ad4b95864.jpg@0_24_800_484a-388h_640w_2e_90Q.webp
ERR: 无法加载模块:Public

[ 2016-06-29T10:17:25+08:00 ] 127.0.0.1 /mxsh/Public/index_files/c5558a7d1d2a3c65244baa870552debd78313.jpg@0_12_778_471a-388h_640w_2e_90Q
ERR: 无法加载模块:Public

[ 2016-06-29T10:17:25+08:00 ] 127.0.0.1 /mxsh/Public/index_files/14e6f2b6fa629004c05badbd1b0c5463104630.jpg
ERR: 无法加载模块:Public

[ 2016-06-29T10:17:37+08:00 ] 127.0.0.1 /mxsh/Public/index_files/14e6f2b6fa629004c05badbd1b0c5463104630.jpg
ERR: 无法加载模块:Public

[ 2016-06-29T10:17:37+08:00 ] 127.0.0.1 /mxsh/Public/index_files/c5558a7d1d2a3c65244baa870552debd78313.jpg@0_12_778_471a-388h_640w_2e_90Q
ERR: 无法加载模块:Public

[ 2016-06-29T10:17:37+08:00 ] 127.0.0.1 /mxsh/Public/index_files/58a991b1a3a65bd0e22f12494d462ab6102916.jpg.webp
ERR: 无法加载模块:Public

[ 2016-06-29T10:17:37+08:00 ] 127.0.0.1 /mxsh/Public/index_files/554c30b4c362c5f4a38fdf3c58d2ad4b95864.jpg@0_24_800_484a-388h_640w_2e_90Q.webp
ERR: 无法加载模块:Public

[ 2016-06-29T10:17:38+08:00 ] 127.0.0.1 /mxsh/Public/index_files/14e6f2b6fa629004c05badbd1b0c5463104630.jpg
ERR: 无法加载模块:Public

[ 2016-06-29T10:17:38+08:00 ] 127.0.0.1 /mxsh/Public/index_files/58a991b1a3a65bd0e22f12494d462ab6102916.jpg.webp
ERR: 无法加载模块:Public

[ 2016-06-29T10:17:38+08:00 ] 127.0.0.1 /mxsh/Public/index_files/554c30b4c362c5f4a38fdf3c58d2ad4b95864.jpg@0_24_800_484a-388h_640w_2e_90Q.webp
ERR: 无法加载模块:Public

[ 2016-06-29T10:17:38+08:00 ] 127.0.0.1 /mxsh/Public/index_files/c5558a7d1d2a3c65244baa870552debd78313.jpg@0_12_778_471a-388h_640w_2e_90Q
ERR: 无法加载模块:Public

[ 2016-06-29T10:17:39+08:00 ] 127.0.0.1 /mxsh/Public/index_files/c5558a7d1d2a3c65244baa870552debd78313.jpg@0_12_778_471a-388h_640w_2e_90Q
ERR: 无法加载模块:Public

[ 2016-06-29T10:17:39+08:00 ] 127.0.0.1 /mxsh/Public/index_files/14e6f2b6fa629004c05badbd1b0c5463104630.jpg
ERR: 无法加载模块:Public

[ 2016-06-29T10:17:39+08:00 ] 127.0.0.1 /mxsh/Public/index_files/554c30b4c362c5f4a38fdf3c58d2ad4b95864.jpg@0_24_800_484a-388h_640w_2e_90Q.webp
ERR: 无法加载模块:Public

[ 2016-06-29T10:17:39+08:00 ] 127.0.0.1 /mxsh/Public/index_files/58a991b1a3a65bd0e22f12494d462ab6102916.jpg.webp
ERR: 无法加载模块:Public

[ 2016-06-29T10:17:41+08:00 ] 127.0.0.1 /mxsh/Public/index_files/c5558a7d1d2a3c65244baa870552debd78313.jpg@0_12_778_471a-388h_640w_2e_90Q
ERR: 无法加载模块:Public

[ 2016-06-29T10:17:41+08:00 ] 127.0.0.1 /mxsh/Public/index_files/14e6f2b6fa629004c05badbd1b0c5463104630.jpg
ERR: 无法加载模块:Public

[ 2016-06-29T10:17:41+08:00 ] 127.0.0.1 /mxsh/Public/index_files/58a991b1a3a65bd0e22f12494d462ab6102916.jpg.webp
ERR: 无法加载模块:Public

[ 2016-06-29T10:17:41+08:00 ] 127.0.0.1 /mxsh/Public/index_files/554c30b4c362c5f4a38fdf3c58d2ad4b95864.jpg@0_24_800_484a-388h_640w_2e_90Q.webp
ERR: 无法加载模块:Public

[ 2016-06-29T10:18:13+08:00 ] 127.0.0.1 /mxsh/Public/index_files/14e6f2b6fa629004c05badbd1b0c5463104630.jpg
ERR: 无法加载模块:Public

[ 2016-06-29T10:18:13+08:00 ] 127.0.0.1 /mxsh/Public/index_files/c5558a7d1d2a3c65244baa870552debd78313.jpg@0_12_778_471a-388h_640w_2e_90Q
ERR: 无法加载模块:Public

[ 2016-06-29T10:18:13+08:00 ] 127.0.0.1 /mxsh/Public/index_files/58a991b1a3a65bd0e22f12494d462ab6102916.jpg.webp
ERR: 无法加载模块:Public

[ 2016-06-29T10:18:13+08:00 ] 127.0.0.1 /mxsh/Public/index_files/554c30b4c362c5f4a38fdf3c58d2ad4b95864.jpg@0_24_800_484a-388h_640w_2e_90Q.webp
ERR: 无法加载模块:Public

[ 2016-06-29T10:18:15+08:00 ] 127.0.0.1 /mxsh/Public/index_files/c5558a7d1d2a3c65244baa870552debd78313.jpg@0_12_778_471a-388h_640w_2e_90Q
ERR: 无法加载模块:Public

[ 2016-06-29T10:18:15+08:00 ] 127.0.0.1 /mxsh/Public/index_files/14e6f2b6fa629004c05badbd1b0c5463104630.jpg
ERR: 无法加载模块:Public

[ 2016-06-29T10:18:15+08:00 ] 127.0.0.1 /mxsh/Public/index_files/58a991b1a3a65bd0e22f12494d462ab6102916.jpg.webp
ERR: 无法加载模块:Public

[ 2016-06-29T10:18:15+08:00 ] 127.0.0.1 /mxsh/Public/index_files/554c30b4c362c5f4a38fdf3c58d2ad4b95864.jpg@0_24_800_484a-388h_640w_2e_90Q.webp
ERR: 无法加载模块:Public

[ 2016-06-29T10:18:24+08:00 ] 127.0.0.1 /mxsh/Public/index_files/c5558a7d1d2a3c65244baa870552debd78313.jpg@0_12_778_471a-388h_640w_2e_90Q
ERR: 无法加载模块:Public

[ 2016-06-29T10:18:24+08:00 ] 127.0.0.1 /mxsh/Public/index_files/14e6f2b6fa629004c05badbd1b0c5463104630.jpg
ERR: 无法加载模块:Public

[ 2016-06-29T10:18:24+08:00 ] 127.0.0.1 /mxsh/Public/index_files/58a991b1a3a65bd0e22f12494d462ab6102916.jpg.webp
ERR: 无法加载模块:Public

[ 2016-06-29T10:18:24+08:00 ] 127.0.0.1 /mxsh/Public/index_files/554c30b4c362c5f4a38fdf3c58d2ad4b95864.jpg@0_24_800_484a-388h_640w_2e_90Q.webp
ERR: 无法加载模块:Public

[ 2016-06-29T10:18:25+08:00 ] 127.0.0.1 /mxsh/Public/index_files/c5558a7d1d2a3c65244baa870552debd78313.jpg@0_12_778_471a-388h_640w_2e_90Q
ERR: 无法加载模块:Public

[ 2016-06-29T10:18:25+08:00 ] 127.0.0.1 /mxsh/Public/index_files/14e6f2b6fa629004c05badbd1b0c5463104630.jpg
ERR: 无法加载模块:Public

[ 2016-06-29T10:18:25+08:00 ] 127.0.0.1 /mxsh/Public/index_files/58a991b1a3a65bd0e22f12494d462ab6102916.jpg.webp
ERR: 无法加载模块:Public

[ 2016-06-29T10:18:25+08:00 ] 127.0.0.1 /mxsh/Public/index_files/554c30b4c362c5f4a38fdf3c58d2ad4b95864.jpg@0_24_800_484a-388h_640w_2e_90Q.webp
ERR: 无法加载模块:Public

[ 2016-06-29T10:19:10+08:00 ] 127.0.0.1 /mxsh/Public/index_files/14e6f2b6fa629004c05badbd1b0c5463104630.jpg
ERR: 无法加载模块:Public

[ 2016-06-29T10:19:10+08:00 ] 127.0.0.1 /mxsh/Public/index_files/554c30b4c362c5f4a38fdf3c58d2ad4b95864.jpg@0_24_800_484a-388h_640w_2e_90Q.webp
ERR: 无法加载模块:Public

[ 2016-06-29T10:19:10+08:00 ] 127.0.0.1 /mxsh/Public/index_files/58a991b1a3a65bd0e22f12494d462ab6102916.jpg.webp
ERR: 无法加载模块:Public

[ 2016-06-29T10:19:10+08:00 ] 127.0.0.1 /mxsh/Public/index_files/c5558a7d1d2a3c65244baa870552debd78313.jpg@0_12_778_471a-388h_640w_2e_90Q
ERR: 无法加载模块:Public

[ 2016-06-29T10:19:11+08:00 ] 127.0.0.1 /mxsh/Public/index_files/58a991b1a3a65bd0e22f12494d462ab6102916.jpg.webp
ERR: 无法加载模块:Public

[ 2016-06-29T10:19:11+08:00 ] 127.0.0.1 /mxsh/Public/index_files/14e6f2b6fa629004c05badbd1b0c5463104630.jpg
ERR: 无法加载模块:Public

[ 2016-06-29T10:19:11+08:00 ] 127.0.0.1 /mxsh/Public/index_files/c5558a7d1d2a3c65244baa870552debd78313.jpg@0_12_778_471a-388h_640w_2e_90Q
ERR: 无法加载模块:Public

[ 2016-06-29T10:19:11+08:00 ] 127.0.0.1 /mxsh/Public/index_files/554c30b4c362c5f4a38fdf3c58d2ad4b95864.jpg@0_24_800_484a-388h_640w_2e_90Q.webp
ERR: 无法加载模块:Public

[ 2016-06-29T10:19:11+08:00 ] 127.0.0.1 /mxsh/Public/index_files/14e6f2b6fa629004c05badbd1b0c5463104630.jpg
ERR: 无法加载模块:Public

[ 2016-06-29T10:19:11+08:00 ] 127.0.0.1 /mxsh/Public/index_files/58a991b1a3a65bd0e22f12494d462ab6102916.jpg.webp
ERR: 无法加载模块:Public

[ 2016-06-29T10:19:11+08:00 ] 127.0.0.1 /mxsh/Public/index_files/554c30b4c362c5f4a38fdf3c58d2ad4b95864.jpg@0_24_800_484a-388h_640w_2e_90Q.webp
ERR: 无法加载模块:Public

[ 2016-06-29T10:19:11+08:00 ] 127.0.0.1 /mxsh/Public/index_files/c5558a7d1d2a3c65244baa870552debd78313.jpg@0_12_778_471a-388h_640w_2e_90Q
ERR: 无法加载模块:Public

[ 2016-06-29T10:19:11+08:00 ] 127.0.0.1 /mxsh/Public/index_files/14e6f2b6fa629004c05badbd1b0c5463104630.jpg
ERR: 无法加载模块:Public

[ 2016-06-29T10:19:11+08:00 ] 127.0.0.1 /mxsh/Public/index_files/58a991b1a3a65bd0e22f12494d462ab6102916.jpg.webp
ERR: 无法加载模块:Public

[ 2016-06-29T10:19:11+08:00 ] 127.0.0.1 /mxsh/Public/index_files/c5558a7d1d2a3c65244baa870552debd78313.jpg@0_12_778_471a-388h_640w_2e_90Q
ERR: 无法加载模块:Public

[ 2016-06-29T10:19:11+08:00 ] 127.0.0.1 /mxsh/Public/index_files/554c30b4c362c5f4a38fdf3c58d2ad4b95864.jpg@0_24_800_484a-388h_640w_2e_90Q.webp
ERR: 无法加载模块:Public

[ 2016-06-29T14:37:21+08:00 ] ::1 /mxsh/Public/index_files/14e6f2b6fa629004c05badbd1b0c5463104630.jpg
ERR: 无法加载模块:Public

[ 2016-06-29T14:37:21+08:00 ] ::1 /mxsh/Public/index_files/c5558a7d1d2a3c65244baa870552debd78313.jpg@0_12_778_471a-388h_640w_2e_90Q
ERR: 无法加载模块:Public

[ 2016-06-29T14:37:21+08:00 ] ::1 /mxsh/Public/index_files/58a991b1a3a65bd0e22f12494d462ab6102916.jpg.webp
ERR: 无法加载模块:Public

[ 2016-06-29T14:37:21+08:00 ] ::1 /mxsh/Public/index_files/554c30b4c362c5f4a38fdf3c58d2ad4b95864.jpg@0_24_800_484a-388h_640w_2e_90Q.webp
ERR: 无法加载模块:Public

[ 2016-06-29T15:17:15+08:00 ] ::1 /mxsh/Public/index_files/c5558a7d1d2a3c65244baa870552debd78313.jpg@0_12_778_471a-388h_640w_2e_90Q
ERR: 无法加载模块:Public

[ 2016-06-29T15:17:15+08:00 ] ::1 /mxsh/Public/index_files/14e6f2b6fa629004c05badbd1b0c5463104630.jpg
ERR: 无法加载模块:Public

[ 2016-06-29T15:17:15+08:00 ] ::1 /mxsh/Public/index_files/58a991b1a3a65bd0e22f12494d462ab6102916.jpg.webp
ERR: 无法加载模块:Public

[ 2016-06-29T15:17:15+08:00 ] ::1 /mxsh/Public/index_files/554c30b4c362c5f4a38fdf3c58d2ad4b95864.jpg@0_24_800_484a-388h_640w_2e_90Q.webp
ERR: 无法加载模块:Public

